[debug] [2026-03-18T11:29:52.307Z] ----------------------------------------------------------------------
[debug] [2026-03-18T11:29:52.309Z] Command:       /home/shubham/.nvm/versions/node/v25.2.1/bin/node /home/shubham/.nvm/versions/node/v25.2.1/bin/firebase init
[debug] [2026-03-18T11:29:52.309Z] CLI Version:   15.10.1
[debug] [2026-03-18T11:29:52.309Z] Platform:      linux
[debug] [2026-03-18T11:29:52.310Z] Node Version:  v25.2.1
[debug] [2026-03-18T11:29:52.310Z] Time:          Wed Mar 18 2026 16:59:52 GMT+0530 (India Standard Time)
[debug] [2026-03-18T11:29:52.310Z] ----------------------------------------------------------------------
[debug] 
[info] 
     ######## #### ########  ######## ########     ###     ######  ########
     ##        ##  ##     ## ##       ##     ##  ##   ##  ##       ##
     ######    ##  ########  ######   ########  #########  ######  ######
     ##        ##  ##    ##  ##       ##     ## ##     ##       ## ##
     ##       #### ##     ## ######## ########  ##     ##  ######  ########

You're about to initialize a Firebase project in this directory:

  /home/shubham/Documents/AI_SUMMARIZER

[info] 
=== Project Setup
[info] 
[info] First, let's associate this project directory with a Firebase project.
[info] You can create multiple project aliases by running firebase use --add, 
[info] 
[info] i  If you want to create a project in a Google Cloud organization or folder, please use "firebase projects:create" instead, and return to this command when you've created the project. 
[debug] [2026-03-18T11:31:26.244Z] > command requires scopes: ["email","openid","https://www.googleapis.com/auth/cloudplatformprojects.readonly","https://www.googleapis.com/auth/firebase","https://www.googleapis.com/auth/cloud-platform"]
[debug] [2026-03-18T11:31:26.244Z] > authorizing via signed-in user (sharma9590489703@gmail.com)
[debug] [2026-03-18T11:31:41.501Z] Checked if tokens are valid: true, expires at: 1773836980431
[debug] [2026-03-18T11:31:41.502Z] Checked if tokens are valid: true, expires at: 1773836980431
[debug] [2026-03-18T11:31:41.504Z] >>> [apiv2][query] POST https://firebase.googleapis.com/v1/projects:checkProjectId [none]
[debug] [2026-03-18T11:31:41.504Z] >>> [apiv2][body] POST https://firebase.googleapis.com/v1/projects:checkProjectId {"proposedId":"AI_SUMMARIZER"}
[debug] [2026-03-18T11:31:41.867Z] <<< [apiv2][status] POST https://firebase.googleapis.com/v1/projects:checkProjectId 400
[debug] [2026-03-18T11:31:41.868Z] <<< [apiv2][body] POST https://firebase.googleapis.com/v1/projects:checkProjectId {"error":{"code":400,"message":"Request contains an invalid argument.","status":"INVALID_ARGUMENT"}}
[debug] [2026-03-18T11:31:41.868Z] Couldn't check if project ID AI_SUMMARIZER is available. Original error: FirebaseError: Failed to check if project ID is available. See firebase-debug.log for more info.
[debug] [2026-03-18T11:32:01.124Z] Checked if tokens are valid: true, expires at: 1773836980431
[debug] [2026-03-18T11:32:01.124Z] Checked if tokens are valid: true, expires at: 1773836980431
[debug] [2026-03-18T11:32:01.124Z] >>> [apiv2][query] POST https://cloudresourcemanager.googleapis.com/v1/projects [none]
[debug] [2026-03-18T11:32:01.124Z] >>> [apiv2][body] POST https://cloudresourcemanager.googleapis.com/v1/projects {"projectId":"AI_SUMMARIZER","name":"AI_SUMMARIZER"}
[debug] [2026-03-18T11:32:02.946Z] <<< [apiv2][status] POST https://cloudresourcemanager.googleapis.com/v1/projects 400
[debug] [2026-03-18T11:32:02.946Z] <<< [apiv2][body] POST https://cloudresourcemanager.googleapis.com/v1/projects {"error":{"code":400,"message":"Request contains an invalid argument.","status":"INVALID_ARGUMENT","details":[{"@type":"type.googleapis.com/google.rpc.BadRequest","fieldViolations":[{"field":"project_id","description":"project_id contains invalid characters"},{"field":"display_name","description":"project display name contains invalid characters"}]},{"@type":"type.googleapis.com/google.rpc.Help","links":[{"url":"https://cloud.google.com/resource-manager/reference/rest/v1/projects"}]}]}}
[debug] [2026-03-18T11:32:03.764Z] FirebaseError: Request to https://cloudresourcemanager.googleapis.com/v1/projects had HTTP Error: 400, Request contains an invalid argument.
    at responseToError (/home/shubham/.nvm/versions/node/v25.2.1/lib/node_modules/firebase-tools/lib/responseToError.js:53:12)
    at RetryOperation._fn (/home/shubham/.nvm/versions/node/v25.2.1/lib/node_modules/firebase-tools/lib/apiv2.js:333:77)
    at process.processTicksAndRejections (node:internal/process/task_queues:103:5)
[error] 
[error] Error: Failed to create project. See firebase-debug.log for more info.
